[debug] [2019-10-15T03:54:13.908Z] ----------------------------------------------------------------------
[debug] [2019-10-15T03:54:13.911Z] Command:       /usr/bin/node /usr/bin/firebase serve
[debug] [2019-10-15T03:54:13.911Z] CLI Version:   6.7.2
[debug] [2019-10-15T03:54:13.911Z] Platform:      linux
[debug] [2019-10-15T03:54:13.911Z] Node Version:  v10.16.3
[debug] [2019-10-15T03:54:13.911Z] Time:          Mon Oct 14 2019 20:54:13 GMT-0700 (Pacific Daylight Time)
[debug] [2019-10-15T03:54:13.911Z] ----------------------------------------------------------------------
[debug] 
[debug] [2019-10-15T03:54:13.920Z] > command requires scopes: ["email","openid","https://www.googleapis.com/auth/cloudplatformprojects.readonly","https://www.googleapis.com/auth/firebase","https://www.googleapis.com/auth/cloud-platform"]
[debug] [2019-10-15T03:54:13.920Z] > authorizing via signed-in user
[debug] [2019-10-15T03:54:13.920Z] [iam] checking project d4sd-2020 for permissions ["firebase.projects.get"]
[debug] [2019-10-15T03:54:13.923Z] >>> HTTP REQUEST POST https://cloudresourcemanager.googleapis.com/v1/projects/d4sd-2020:testIamPermissions  

[debug] [2019-10-15T03:54:14.256Z] <<< HTTP RESPONSE 200
[debug] [2019-10-15T03:54:14.259Z] >>> HTTP REQUEST GET https://cloudresourcemanager.googleapis.com/v1/projects/d4sd-2020  
 
[debug] [2019-10-15T03:54:14.549Z] <<< HTTP RESPONSE 200
[info] 
[info] === Serving from '/home/bossu/Desktop/current-projects/d4sd-portal'...
[info] 
[info] i  functions: Preparing to emulate functions.
[debug] [2019-10-15T03:54:15.174Z] Fetching environment
[debug] [2019-10-15T03:54:15.178Z] >>> HTTP REQUEST GET https://mobilesdk-pa.googleapis.com/v1/projects/777361277442:getServerAppConfig  
 
[debug] [2019-10-15T03:54:15.411Z] <<< HTTP RESPONSE 200
[debug] [2019-10-15T03:54:15.412Z] Starting @google-cloud/functions-emulator
[debug] [2019-10-15T03:54:16.957Z] Parsing function triggers
[info] ✔  functions: api: http://localhost:5000/d4sd-2020/us-central1/api
